0 info it worked if it ends with ok
1 verbose cli [ '/usr/bin/nodejs', '/usr/bin/npm', 'install' ]
2 info using npm@3.10.3
3 info using node@v6.5.0
4 silly loadCurrentTree Starting
5 silly install loadCurrentTree
6 silly install readLocalPackageData
7 silly install normalizeTree
8 silly loadCurrentTree Finishing
9 silly loadIdealTree Starting
10 silly install loadIdealTree
11 silly cloneCurrentTree Starting
12 silly install cloneCurrentTreeToIdealTree
13 silly cloneCurrentTree Finishing
14 silly loadShrinkwrap Starting
15 silly install loadShrinkwrap
16 silly loadShrinkwrap Finishing
17 silly loadAllDepsIntoIdealTree Starting
18 silly install loadAllDepsIntoIdealTree
19 silly fetchNamedPackageData typescript
20 silly mapToRegistry name typescript
21 silly mapToRegistry using default registry
22 silly mapToRegistry registry https://registry.npmjs.org/
23 silly mapToRegistry data Result {
23 silly mapToRegistry   raw: 'typescript',
23 silly mapToRegistry   scope: null,
23 silly mapToRegistry   escapedName: 'typescript',
23 silly mapToRegistry   name: 'typescript',
23 silly mapToRegistry   rawSpec: '',
23 silly mapToRegistry   spec: 'latest',
23 silly mapToRegistry   type: 'tag' }
24 silly mapToRegistry uri https://registry.npmjs.org/typescript
25 verbose request uri https://registry.npmjs.org/typescript
26 verbose request no auth needed
27 info attempt registry request try #1 at 8:49:14 PM
28 verbose request id b1d437e76e0a0ed9
29 verbose etag "8FCWQN6BO58T96TO1VCLSR7QP"
30 http request GET https://registry.npmjs.org/typescript
31 http 200 https://registry.npmjs.org/typescript
32 verbose headers { server: 'CouchDB/1.5.0 (Erlang OTP/R16B03)',
32 verbose headers   etag: '"DREUESMVI0KD4NMZGZCBKIDGQ"',
32 verbose headers   'content-type': 'application/json',
32 verbose headers   'content-encoding': 'gzip',
32 verbose headers   'cache-control': 'max-age=300',
32 verbose headers   'content-length': '71099',
32 verbose headers   'accept-ranges': 'bytes',
32 verbose headers   date: 'Wed, 28 Sep 2016 03:49:14 GMT',
32 verbose headers   via: '1.1 varnish',
32 verbose headers   age: '203',
32 verbose headers   connection: 'keep-alive',
32 verbose headers   'x-served-by': 'cache-sea1922-SEA',
32 verbose headers   'x-cache': 'HIT',
32 verbose headers   'x-cache-hits': '4',
32 verbose headers   'x-timer': 'S1475034554.662138,VS0,VE0',
32 verbose headers   vary: 'Accept-Encoding' }
33 silly get cb [ 200,
33 silly get   { server: 'CouchDB/1.5.0 (Erlang OTP/R16B03)',
33 silly get     etag: '"DREUESMVI0KD4NMZGZCBKIDGQ"',
33 silly get     'content-type': 'application/json',
33 silly get     'content-encoding': 'gzip',
33 silly get     'cache-control': 'max-age=300',
33 silly get     'content-length': '71099',
33 silly get     'accept-ranges': 'bytes',
33 silly get     date: 'Wed, 28 Sep 2016 03:49:14 GMT',
33 silly get     via: '1.1 varnish',
33 silly get     age: '203',
33 silly get     connection: 'keep-alive',
33 silly get     'x-served-by': 'cache-sea1922-SEA',
33 silly get     'x-cache': 'HIT',
33 silly get     'x-cache-hits': '4',
33 silly get     'x-timer': 'S1475034554.662138,VS0,VE0',
33 silly get     vary: 'Accept-Encoding' } ]
34 verbose get saving typescript to /home/dan/.npm/registry.npmjs.org/typescript/.cache.json
35 verbose correctMkdir /home/dan/.npm correctMkdir not in flight; initializing
36 silly resolveWithNewModule typescript@2.0.3 checking installable status
37 silly cache add args [ 'typescript@^2.0.3', null ]
38 verbose cache add spec typescript@^2.0.3
39 silly cache add parsed spec Result {
39 silly cache add   raw: 'typescript@^2.0.3',
39 silly cache add   scope: null,
39 silly cache add   escapedName: 'typescript',
39 silly cache add   name: 'typescript',
39 silly cache add   rawSpec: '^2.0.3',
39 silly cache add   spec: '>=2.0.3 <3.0.0',
39 silly cache add   type: 'range' }
40 silly addNamed typescript@>=2.0.3 <3.0.0
41 verbose addNamed ">=2.0.3 <3.0.0" is a valid semver range for typescript
42 silly addNameRange { name: 'typescript', range: '>=2.0.3 <3.0.0', hasData: false }
43 silly mapToRegistry name typescript
44 silly mapToRegistry using default registry
45 silly mapToRegistry registry https://registry.npmjs.org/
46 silly mapToRegistry data Result {
46 silly mapToRegistry   raw: 'typescript',
46 silly mapToRegistry   scope: null,
46 silly mapToRegistry   escapedName: 'typescript',
46 silly mapToRegistry   name: 'typescript',
46 silly mapToRegistry   rawSpec: '',
46 silly mapToRegistry   spec: 'latest',
46 silly mapToRegistry   type: 'tag' }
47 silly mapToRegistry uri https://registry.npmjs.org/typescript
48 verbose addNameRange registry:https://registry.npmjs.org/typescript not in flight; fetching
49 verbose get https://registry.npmjs.org/typescript not expired, no request
50 silly addNameRange number 2 { name: 'typescript', range: '>=2.0.3 <3.0.0', hasData: true }
51 silly addNameRange versions [ 'typescript',
51 silly addNameRange   [ '0.8.0',
51 silly addNameRange     '0.8.1',
51 silly addNameRange     '0.8.1-1',
51 silly addNameRange     '0.8.2',
51 silly addNameRange     '0.8.3',
51 silly addNameRange     '0.9.0',
51 silly addNameRange     '0.9.0-1',
51 silly addNameRange     '0.9.1',
51 silly addNameRange     '0.9.1-1',
51 silly addNameRange     '0.9.5',
51 silly addNameRange     '0.9.7',
51 silly addNameRange     '1.0.0',
51 silly addNameRange     '1.0.1',
51 silly addNameRange     '1.1.0-1',
51 silly addNameRange     '1.3.0',
51 silly addNameRange     '1.4.1',
51 silly addNameRange     '1.5.0-alpha',
51 silly addNameRange     '1.5.0-beta',
51 silly addNameRange     '1.5.3',
51 silly addNameRange     '1.6.0-dev.20150722.1',
51 silly addNameRange     '1.6.0-dev.20150723',
51 silly addNameRange     '1.6.0-dev.20150724',
51 silly addNameRange     '1.6.0-dev.20150725',
51 silly addNameRange     '1.6.0-dev.20150726',
51 silly addNameRange     '1.6.0-dev.20150727',
51 silly addNameRange     '1.6.0-dev.20150728',
51 silly addNameRange     '1.6.0-dev.20150729',
51 silly addNameRange     '1.6.0-dev.20150730',
51 silly addNameRange     '1.6.0-dev.20150731',
51 silly addNameRange     '1.6.0-dev.20150801',
51 silly addNameRange     '1.6.0-dev.20150802',
51 silly addNameRange     '1.6.0-dev.20150803',
51 silly addNameRange     '1.6.0-dev.20150804',
51 silly addNameRange     '1.6.0-dev.20150805',
51 silly addNameRange     '1.6.0-dev.20150806',
51 silly addNameRange     '1.6.0-dev.20150807',
51 silly addNameRange     '1.6.0-dev.20150808',
51 silly addNameRange     '1.6.0-dev.20150809',
51 silly addNameRange     '1.6.0-dev.20150810',
51 silly addNameRange     '1.6.0-dev.20150811',
51 silly addNameRange     '1.6.0-dev.20150812',
51 silly addNameRange     '1.6.0-dev.20150813',
51 silly addNameRange     '1.6.0-dev.20150814',
51 silly addNameRange     '1.6.0-dev.20150815',
51 silly addNameRange     '1.6.0-dev.20150816',
51 silly addNameRange     '1.6.0-dev.20150817',
51 silly addNameRange     '1.6.0-dev.20150818',
51 silly addNameRange     '1.6.0-dev.20150819',
51 silly addNameRange     '1.6.0-dev.20150820',
51 silly addNameRange     '1.6.0-dev.20150821',
51 silly addNameRange     '1.6.0-dev.20150822',
51 silly addNameRange     '1.6.0-dev.20150823',
51 silly addNameRange     '1.6.0-dev.20150824',
51 silly addNameRange     '1.6.0-dev.20150825',
51 silly addNameRange     '1.7.0-dev.20150826',
51 silly addNameRange     '1.7.0-dev.20150827',
51 silly addNameRange     '1.7.0-dev.20150828',
51 silly addNameRange     '1.7.0-dev.20150829',
51 silly addNameRange     '1.7.0-dev.20150830',
51 silly addNameRange     '1.7.0-dev.20150831',
51 silly addNameRange     '1.7.0-dev.20150901',
51 silly addNameRange     '1.7.0-dev.20150902',
51 silly addNameRange     '1.6.0-beta',
51 silly addNameRange     '1.7.0-dev.20150903',
51 silly addNameRange     '1.7.0-dev.20150904',
51 silly addNameRange     '1.6.0-dev.20150905',
51 silly addNameRange     '1.6.0-dev.20150906',
51 silly addNameRange     '1.6.0-dev.20150907',
51 silly addNameRange     '1.6.0-dev.20150908',
51 silly addNameRange     '1.6.0-dev.20150909',
51 silly addNameRange     '1.6.0-dev.20150910',
51 silly addNameRange     '1.6.0-dev.20150911',
51 silly addNameRange     '1.6.0-dev.20150912',
51 silly addNameRange     '1.6.0-dev.20150913',
51 silly addNameRange     '1.6.0-dev.20150914',
51 silly addNameRange     '1.6.0-dev.20150915',
51 silly addNameRange     '1.7.0-dev.20150916',
51 silly addNameRange     '1.6.2',
51 silly addNameRange     '1.7.0-dev.20150917',
51 silly addNameRange     '1.7.0-dev.20150918',
51 silly addNameRange     '1.7.0-dev.20150919',
51 silly addNameRange     '1.7.0-dev.20150920',
51 silly addNameRange     '1.7.0-dev.20150921',
51 silly addNameRange     '1.7.0-dev.20150922',
51 silly addNameRange     '1.7.0-dev.20150923',
51 silly addNameRange     '1.7.0-dev.20150924',
51 silly addNameRange     '1.7.0-dev.20150925',
51 silly addNameRange     '1.7.0-dev.20150926',
51 silly addNameRange     '1.7.0-dev.20150927',
51 silly addNameRange     '1.7.0-dev.20150928',
51 silly addNameRange     '1.7.0-dev.20150929',
51 silly addNameRange     '1.7.0-dev.20150930',
51 silly addNameRange     '1.7.0-dev.20151001',
51 silly addNameRange     '1.7.0-dev.20151002',
51 silly addNameRange     '1.7.0-dev.20151003',
51 silly addNameRange     '1.7.0-dev.20151004',
51 silly addNameRange     '1.7.0-dev.20151005',
51 silly addNameRange     '1.7.0-dev.20151006',
51 silly addNameRange     '1.7.0-dev.20151014',
51 silly addNameRange     '1.7.0-dev.20151015',
51 silly addNameRange     ... 351 more items ] ]
52 silly addNamed typescript@2.0.3
53 verbose addNamed "2.0.3" is a plain semver version for typescript
54 silly cache afterAdd typescript@2.0.3
55 verbose afterAdd /home/dan/.npm/typescript/2.0.3/package/package.json not in flight; writing
56 verbose correctMkdir /home/dan/.npm correctMkdir not in flight; initializing
57 verbose afterAdd /home/dan/.npm/typescript/2.0.3/package/package.json written
58 silly loadAllDepsIntoIdealTree Finishing
59 silly loadIdealTree Finishing
60 silly currentTree social-dashboard-core@1.0.0
61 silly idealTree social-dashboard-core@1.0.0
61 silly idealTree └── typescript@2.0.3
62 silly generateActionsToTake Starting
63 silly install generateActionsToTake
64 silly generateActionsToTake Finishing
65 silly diffTrees action count 1
66 silly diffTrees add typescript@2.0.3
67 silly decomposeActions action count 8
68 silly decomposeActions fetch typescript@2.0.3
69 silly decomposeActions extract typescript@2.0.3
70 silly decomposeActions test typescript@2.0.3
71 silly decomposeActions preinstall typescript@2.0.3
72 silly decomposeActions build typescript@2.0.3
73 silly decomposeActions install typescript@2.0.3
74 silly decomposeActions postinstall typescript@2.0.3
75 silly decomposeActions finalize typescript@2.0.3
76 silly executeActions Starting
77 silly install executeActions
78 silly doSerial global-install 0
79 silly doParallel fetch 1
80 verbose correctMkdir /home/dan/.npm/_locks correctMkdir not in flight; initializing
81 verbose lock using /home/dan/.npm/_locks/staging-48546fa8e4124c72.lock for /home/dan/Desktop/social-dashboard-core/node_modules/.staging
82 silly doParallel extract 1
83 silly extract typescript@2.0.3
84 verbose unbuild node_modules/.staging/typescript-8c0f234b
85 silly gentlyRm /home/dan/Desktop/social-dashboard-core/node_modules/.staging/typescript-8c0f234b is being purged from base /home/dan/Desktop/social-dashboard-core
86 verbose gentlyRm don't care about contents; nuking /home/dan/Desktop/social-dashboard-core/node_modules/.staging/typescript-8c0f234b
87 verbose tar unpack /home/dan/.npm/typescript/2.0.3/package.tgz
88 verbose tar unpacking to /home/dan/Desktop/social-dashboard-core/node_modules/.staging/typescript-8c0f234b
89 silly gentlyRm /home/dan/Desktop/social-dashboard-core/node_modules/.staging/typescript-8c0f234b is being purged
90 verbose gentlyRm don't care about contents; nuking /home/dan/Desktop/social-dashboard-core/node_modules/.staging/typescript-8c0f234b
91 silly gunzTarPerm modes [ '775', '664' ]
92 silly gunzTarPerm extractEntry package.json
93 silly gunzTarPerm modified mode [ 'package.json', 438, 436 ]
94 silly gunzTarPerm extractEntry .npmignore
95 silly gunzTarPerm modified mode [ '.npmignore', 438, 436 ]
96 silly gunzTarPerm extractEntry README.md
97 silly gunzTarPerm modified mode [ 'README.md', 438, 436 ]
98 silly gunzTarPerm extractEntry ThirdPartyNoticeText.txt
99 silly gunzTarPerm modified mode [ 'ThirdPartyNoticeText.txt', 438, 436 ]
100 silly gunzTarPerm extractEntry AUTHORS.md
101 silly gunzTarPerm modified mode [ 'AUTHORS.md', 438, 436 ]
102 silly gunzTarPerm extractEntry CONTRIBUTING.md
103 silly gunzTarPerm modified mode [ 'CONTRIBUTING.md', 438, 436 ]
104 silly gunzTarPerm extractEntry CopyrightNotice.txt
105 silly gunzTarPerm modified mode [ 'CopyrightNotice.txt', 438, 436 ]
106 silly gunzTarPerm extractEntry Gulpfile.ts
107 silly gunzTarPerm modified mode [ 'Gulpfile.ts', 438, 436 ]
108 silly gunzTarPerm extractEntry LICENSE.txt
109 silly gunzTarPerm modified mode [ 'LICENSE.txt', 438, 436 ]
110 silly gunzTarPerm extractEntry .mailmap
111 silly gunzTarPerm modified mode [ '.mailmap', 438, 436 ]
112 silly gunzTarPerm extractEntry bin/tsc
113 silly gunzTarPerm modified mode [ 'bin/tsc', 438, 436 ]
114 silly gunzTarPerm extractEntry bin/tsserver
115 silly gunzTarPerm modified mode [ 'bin/tsserver', 438, 436 ]
116 silly gunzTarPerm extractEntry lib/README.md
117 silly gunzTarPerm modified mode [ 'lib/README.md', 438, 436 ]
118 silly gunzTarPerm extractEntry lib/typescript.js
119 silly gunzTarPerm modified mode [ 'lib/typescript.js', 438, 436 ]
120 silly gunzTarPerm extractEntry lib/tsserverlibrary.js
121 silly gunzTarPerm modified mode [ 'lib/tsserverlibrary.js', 438, 436 ]
122 silly gunzTarPerm extractEntry lib/tsserver.js
123 silly gunzTarPerm modified mode [ 'lib/tsserver.js', 438, 436 ]
124 silly gunzTarPerm extractEntry lib/tsc.js
125 silly gunzTarPerm modified mode [ 'lib/tsc.js', 438, 436 ]
126 silly gunzTarPerm extractEntry lib/typescriptServices.js
127 silly gunzTarPerm modified mode [ 'lib/typescriptServices.js', 438, 436 ]
128 silly gunzTarPerm extractEntry lib/lib.es2017.sharedmemory.d.ts
129 silly gunzTarPerm modified mode [ 'lib/lib.es2017.sharedmemory.d.ts', 438, 436 ]
130 silly gunzTarPerm extractEntry lib/lib.es2015.d.ts
131 silly gunzTarPerm modified mode [ 'lib/lib.es2015.d.ts', 438, 436 ]
132 silly gunzTarPerm extractEntry lib/lib.es2015.iterable.d.ts
133 silly gunzTarPerm modified mode [ 'lib/lib.es2015.iterable.d.ts', 438, 436 ]
134 silly gunzTarPerm extractEntry lib/lib.es2015.promise.d.ts
135 silly gunzTarPerm modified mode [ 'lib/lib.es2015.promise.d.ts', 438, 436 ]
136 silly gunzTarPerm extractEntry lib/lib.es2015.proxy.d.ts
137 silly gunzTarPerm modified mode [ 'lib/lib.es2015.proxy.d.ts', 438, 436 ]
138 silly gunzTarPerm extractEntry lib/lib.es2015.reflect.d.ts
139 silly gunzTarPerm modified mode [ 'lib/lib.es2015.reflect.d.ts', 438, 436 ]
140 silly gunzTarPerm extractEntry lib/lib.es2015.symbol.d.ts
141 silly gunzTarPerm modified mode [ 'lib/lib.es2015.symbol.d.ts', 438, 436 ]
142 silly gunzTarPerm extractEntry lib/lib.es2015.symbol.wellknown.d.ts
143 silly gunzTarPerm modified mode [ 'lib/lib.es2015.symbol.wellknown.d.ts', 438, 436 ]
144 silly gunzTarPerm extractEntry lib/lib.es2016.array.include.d.ts
145 silly gunzTarPerm modified mode [ 'lib/lib.es2016.array.include.d.ts', 438, 436 ]
146 silly gunzTarPerm extractEntry lib/lib.d.ts
147 silly gunzTarPerm modified mode [ 'lib/lib.d.ts', 438, 436 ]
148 silly gunzTarPerm extractEntry lib/lib.es2017.d.ts
149 silly gunzTarPerm modified mode [ 'lib/lib.es2017.d.ts', 438, 436 ]
150 silly gunzTarPerm extractEntry lib/lib.es2017.object.d.ts
151 silly gunzTarPerm modified mode [ 'lib/lib.es2017.object.d.ts', 438, 436 ]
152 silly gunzTarPerm extractEntry lib/lib.es2015.generator.d.ts
153 silly gunzTarPerm modified mode [ 'lib/lib.es2015.generator.d.ts', 438, 436 ]
154 silly gunzTarPerm extractEntry lib/lib.es5.d.ts
155 silly gunzTarPerm modified mode [ 'lib/lib.es5.d.ts', 438, 436 ]
156 silly gunzTarPerm extractEntry lib/lib.es6.d.ts
157 silly gunzTarPerm modified mode [ 'lib/lib.es6.d.ts', 438, 436 ]
158 silly gunzTarPerm extractEntry lib/lib.scripthost.d.ts
159 silly gunzTarPerm modified mode [ 'lib/lib.scripthost.d.ts', 438, 436 ]
160 silly gunzTarPerm extractEntry lib/lib.webworker.d.ts
161 silly gunzTarPerm modified mode [ 'lib/lib.webworker.d.ts', 438, 436 ]
162 silly gunzTarPerm extractEntry lib/lib.es2015.core.d.ts
163 silly gunzTarPerm modified mode [ 'lib/lib.es2015.core.d.ts', 438, 436 ]
164 silly gunzTarPerm extractEntry lib/lib.es2015.collection.d.ts
165 silly gunzTarPerm modified mode [ 'lib/lib.es2015.collection.d.ts', 438, 436 ]
166 silly gunzTarPerm extractEntry lib/tsserverlibrary.d.ts
167 silly gunzTarPerm modified mode [ 'lib/tsserverlibrary.d.ts', 438, 436 ]
168 silly gunzTarPerm extractEntry lib/lib.dom.iterable.d.ts
169 silly gunzTarPerm modified mode [ 'lib/lib.dom.iterable.d.ts', 438, 436 ]
170 silly gunzTarPerm extractEntry lib/typescript.d.ts
171 silly gunzTarPerm modified mode [ 'lib/typescript.d.ts', 438, 436 ]
172 silly gunzTarPerm extractEntry lib/lib.dom.d.ts
173 silly gunzTarPerm modified mode [ 'lib/lib.dom.d.ts', 438, 436 ]
174 silly gunzTarPerm extractEntry lib/typescriptServices.d.ts
175 silly gunzTarPerm modified mode [ 'lib/typescriptServices.d.ts', 438, 436 ]
176 silly gunzTarPerm extractEntry lib/lib.es2016.d.ts
177 silly gunzTarPerm modified mode [ 'lib/lib.es2016.d.ts', 438, 436 ]
178 silly gunzTarPerm extractEntry test.config
179 silly gunzTarPerm modified mode [ 'test.config', 438, 436 ]
180 silly gentlyRm /home/dan/Desktop/social-dashboard-core/node_modules/.staging/typescript-8c0f234b/node_modules is being purged
181 verbose gentlyRm don't care about contents; nuking /home/dan/Desktop/social-dashboard-core/node_modules/.staging/typescript-8c0f234b/node_modules
182 silly doParallel preinstall 1
183 silly preinstall typescript@2.0.3 /home/dan/Desktop/social-dashboard-core/node_modules/.staging/typescript-8c0f234b
184 info lifecycle typescript@2.0.3~preinstall: typescript@2.0.3
185 silly lifecycle typescript@2.0.3~preinstall: no script for preinstall, continuing
186 silly doReverseSerial remove 0
187 silly doSerial move 0
188 silly doSerial finalize 1
189 silly finalize /home/dan/Desktop/social-dashboard-core/node_modules/typescript
190 silly doSerial build 1
191 silly build typescript@2.0.3
192 info linkStuff typescript@2.0.3
193 silly linkStuff typescript@2.0.3 has /home/dan/Desktop/social-dashboard-core/node_modules as its parent node_modules
194 verbose linkBins typescript@2.0.3
195 verbose link bins [ { tsc: './bin/tsc', tsserver: './bin/tsserver' },
195 verbose link bins   '/home/dan/Desktop/social-dashboard-core/node_modules/.bin',
195 verbose link bins   false ]
196 verbose linkMans typescript@2.0.3
197 silly gentlyRm /home/dan/Desktop/social-dashboard-core/node_modules/.bin/tsc is being purged
198 verbose gentlyRm don't care about contents; nuking /home/dan/Desktop/social-dashboard-core/node_modules/.bin/tsc
199 silly gentlyRm /home/dan/Desktop/social-dashboard-core/node_modules/.bin/tsserver is being purged
200 verbose gentlyRm don't care about contents; nuking /home/dan/Desktop/social-dashboard-core/node_modules/.bin/tsserver
201 silly doSerial global-link 0
202 silly doParallel update-linked 0
203 silly doSerial install 1
204 silly install typescript@2.0.3 /home/dan/Desktop/social-dashboard-core/node_modules/.staging/typescript-8c0f234b
205 info lifecycle typescript@2.0.3~install: typescript@2.0.3
206 silly lifecycle typescript@2.0.3~install: no script for install, continuing
207 silly doSerial postinstall 1
208 silly postinstall typescript@2.0.3 /home/dan/Desktop/social-dashboard-core/node_modules/.staging/typescript-8c0f234b
209 info lifecycle typescript@2.0.3~postinstall: typescript@2.0.3
210 silly lifecycle typescript@2.0.3~postinstall: no script for postinstall, continuing
211 verbose unlock done using /home/dan/.npm/_locks/staging-48546fa8e4124c72.lock for /home/dan/Desktop/social-dashboard-core/node_modules/.staging
212 silly executeActions Finishing
213 silly rollbackFailedOptional Starting
214 silly rollbackFailedOptional Finishing
215 silly runTopLevelLifecycles Starting
216 silly install runTopLevelLifecycles
217 silly preinstall social-dashboard-core@1.0.0 /home/dan/Desktop/social-dashboard-core/social-dashboard-core-e18e4380
218 info lifecycle social-dashboard-core@1.0.0~preinstall: social-dashboard-core@1.0.0
219 silly lifecycle social-dashboard-core@1.0.0~preinstall: no script for preinstall, continuing
220 silly build social-dashboard-core@1.0.0
221 info linkStuff social-dashboard-core@1.0.0
222 silly linkStuff social-dashboard-core@1.0.0 has /home/dan/Desktop as its parent node_modules
223 verbose linkBins social-dashboard-core@1.0.0
224 verbose linkMans social-dashboard-core@1.0.0
225 silly install social-dashboard-core@1.0.0 /home/dan/Desktop/social-dashboard-core/social-dashboard-core-e18e4380
226 info lifecycle social-dashboard-core@1.0.0~install: social-dashboard-core@1.0.0
227 verbose lifecycle social-dashboard-core@1.0.0~install: unsafe-perm in lifecycle true
228 verbose lifecycle social-dashboard-core@1.0.0~install: PATH: /usr/lib/node_modules/npm/bin/node-gyp-bin:/home/dan/Desktop/social-dashboard-core/node_modules/.bin:/usr/bin:/usr/local/heroku/bin:/usr/local/sbin:/usr/local/bin:/usr/sbin:/usr/bin:/sbin:/bin:/usr/games:/usr/local/games:/snap/bin:/home/dan/.rvm/bin:/home/dan/.rvm/bin:/home/dan/.rvm/bin:/home/dan/.rvm/bin:/home/dan/.rvm/bin:/home/dan/.rvm/bin:/home/dan/.rvm/bin:/home/dan/.rvm/bin
229 verbose lifecycle social-dashboard-core@1.0.0~install: CWD: /home/dan/Desktop/social-dashboard-core
230 silly lifecycle social-dashboard-core@1.0.0~install: Args: [ '-c', 'tsc && node defaults' ]
231 silly lifecycle social-dashboard-core@1.0.0~install: Returned: code: 1  signal: null
232 info lifecycle social-dashboard-core@1.0.0~install: Failed to exec install script
233 warn social-dashboard-core@1.0.0 No repository field.
234 verbose stack Error: social-dashboard-core@1.0.0 install: `tsc && node defaults`
234 verbose stack Exit status 1
234 verbose stack     at EventEmitter.<anonymous> (/usr/lib/node_modules/npm/lib/utils/lifecycle.js:242:16)
234 verbose stack     at emitTwo (events.js:106:13)
234 verbose stack     at EventEmitter.emit (events.js:191:7)
234 verbose stack     at ChildProcess.<anonymous> (/usr/lib/node_modules/npm/lib/utils/spawn.js:40:14)
234 verbose stack     at emitTwo (events.js:106:13)
234 verbose stack     at ChildProcess.emit (events.js:191:7)
234 verbose stack     at maybeClose (internal/child_process.js:877:16)
234 verbose stack     at Process.ChildProcess._handle.onexit (internal/child_process.js:226:5)
235 verbose pkgid social-dashboard-core@1.0.0
236 verbose cwd /home/dan/Desktop/social-dashboard-core
237 error Linux 4.4.0-38-generic
238 error argv "/usr/bin/nodejs" "/usr/bin/npm" "install"
239 error node v6.5.0
240 error npm  v3.10.3
241 error code ELIFECYCLE
242 error social-dashboard-core@1.0.0 install: `tsc && node defaults`
242 error Exit status 1
243 error Failed at the social-dashboard-core@1.0.0 install script 'tsc && node defaults'.
243 error Make sure you have the latest version of node.js and npm installed.
243 error If you do, this is most likely a problem with the social-dashboard-core package,
243 error not with npm itself.
243 error Tell the author that this fails on your system:
243 error     tsc && node defaults
243 error You can get information on how to open an issue for this project with:
243 error     npm bugs social-dashboard-core
243 error Or if that isn't available, you can get their info via:
243 error     npm owner ls social-dashboard-core
243 error There is likely additional logging output above.
244 verbose exit [ 1, true ]
